[{
    "argv": [
        "evaluator.py",
        "./a.out"
    ],
    "branch": "master",
    "commit": "32d5e7488b53c8a3d4b4df5f18aac18d32883506",
    "commit_number": 56,
    "clean": false,
    "diff_stat": " cc/sol.cc | 6 +++---\n 1 file changed, 3 insertions(+), 3 deletions(-)\n",
    "num_runs": 30,
    "start_time": 1397935333.230094,
    "end_time": 1397935420.343339,
    "error": "Traceback (most recent call last):\n  File \"/usr/local/lib/python3.4/multiprocessing/pool.py\", line 663, in next\n    item = self._items.popleft()\nIndexError: pop from an empty deque\n\nDuring handling of the above exception, another exception occurred:\n\nTraceback (most recent call last):\n  File \"evaluator.py\", line 26, in main\n    for result in map(worker, tasks):\n  File \"/usr/local/lib/python3.4/multiprocessing/pool.py\", line 667, in next\n    self._cond.wait(timeout)\n  File \"/usr/local/lib/python3.4/threading.py\", line 290, in wait\n    waiter.acquire()\nKeyboardInterrupt\n"
},
[{"n": 8, "score": 15575, "time": 13.20488891704008, "data_points": [{"n": 8, "type": "size", "colors": 4}, {"pi_depth": 2}, {"num_pis": 2076}, {"num_pi_clusters": 329}, {"pi_matched": 6.34844}, {"beam_area": 838985}, {"time": 13.0076}], "colors": 4}, {"n": 9, "score": 16459, "time": 13.20264821802266, "data_points": [{"n": 9, "type": "size", "colors": 4}, {"pi_depth": 1.875}, {"num_pis": 2643}, {"num_pi_clusters": 455}, {"pi_matched": 5.89518}, {"beam_area": 697921}, {"time": 13.0072}], "colors": 4}, {"n": 10, "score": 17153, "time": 13.193994963890873, "data_points": [{"n": 10, "type": "size", "colors": 4}, {"pi_depth": 2}, {"num_pis": 3944}, {"num_pi_clusters": 615}, {"pi_matched": 6.34767}, {"beam_area": 488752}, {"time": 13.0064}], "colors": 4}, {"n": 11, "score": 18147, "time": 13.205667141941376, "data_points": [{"n": 11, "type": "size", "colors": 4}, {"pi_depth": 1}, {"num_pis": 796}, {"num_pi_clusters": 306}, {"pi_matched": 7.07996}, {"beam_area": 1531203}, {"time": 13.0081}], "colors": 4}, {"n": 12, "score": 18621, "time": 13.208610674017109, "data_points": [{"n": 12, "type": "size", "colors": 4}, {"pi_depth": 1}, {"num_pis": 984}, {"num_pi_clusters": 380}, {"pi_matched": 6.5012}, {"beam_area": 1361094}, {"time": 13.0096}], "colors": 4}, {"n": 13, "score": 19160, "time": 13.189251151983626, "data_points": [{"n": 13, "type": "size", "colors": 4}, {"pi_depth": 1}, {"num_pis": 1192}, {"num_pi_clusters": 462}, {"pi_matched": 5.9221}, {"beam_area": 1290946}, {"time": 13.0088}], "colors": 4}, {"n": 14, "score": 19380, "time": 13.192689319024794, "data_points": [{"n": 14, "type": "size", "colors": 4}, {"pi_depth": 1}, {"num_pis": 1420}, {"num_pi_clusters": 552}, {"pi_matched": 5.23768}, {"beam_area": 1205074}, {"time": 13.0089}], "colors": 4}, {"n": 15, "score": 19518, "time": 13.236071807914414, "data_points": [{"n": 15, "type": "size", "colors": 4}, {"pi_depth": 1}, {"num_pis": 1668}, {"num_pi_clusters": 650}, {"pi_matched": 5.10675}, {"beam_area": 1037024}, {"time": 13.0136}], "colors": 4}, {"n": 16, "score": 19724, "time": 13.257203332032077, "data_points": [{"n": 16, "type": "size", "colors": 4}, {"pi_depth": 1}, {"num_pis": 1936}, {"num_pi_clusters": 756}, {"pi_matched": 5.55448}, {"beam_area": 851857}, {"time": 13.0152}], "colors": 4}, {"n": 8, "score": 11302, "time": 13.168732585967518, "data_points": [{"n": 8, "type": "size", "colors": 5}, {"pi_depth": 2}, {"num_pis": 2076}, {"num_pi_clusters": 329}, {"pi_matched": 5.17896}, {"beam_area": 1231628}, {"time": 13.0058}], "colors": 5}, {"n": 9, "score": 12041, "time": 13.1924703969853, "data_points": [{"n": 9, "type": "size", "colors": 5}, {"pi_depth": 2}, {"num_pis": 2936}, {"num_pi_clusters": 461}, {"pi_matched": 5.08051}, {"beam_area": 930742}, {"time": 13.0106}], "colors": 5}, {"n": 10, "score": 12537, "time": 13.200144049013034, "data_points": [{"n": 10, "type": "size", "colors": 5}, {"pi_depth": 2}, {"num_pis": 3944}, {"num_pi_clusters": 615}, {"pi_matched": 4.93282}, {"beam_area": 747866}, {"time": 13.0074}], "colors": 5}, {"n": 11, "score": 12810, "time": 13.20285523403436, "data_points": [{"n": 11, "type": "size", "colors": 5}, {"pi_depth": 2}, {"num_pis": 5100}, {"num_pi_clusters": 791}, {"pi_matched": 4.69854}, {"beam_area": 627703}, {"time": 13.0132}], "colors": 5}, {"n": 12, "score": 13094, "time": 13.187862279941328, "data_points": [{"n": 12, "type": "size", "colors": 5}, {"pi_depth": 2}, {"num_pis": 6404}, {"num_pi_clusters": 989}, {"pi_matched": 4.92991}, {"beam_area": 485396}, {"time": 13.0128}], "colors": 5}, {"n": 13, "score": 13232, "time": 13.186530015082099, "data_points": [{"n": 13, "type": "size", "colors": 5}, {"pi_depth": 1.9375}, {"num_pis": 7464}, {"num_pi_clusters": 1199}, {"pi_matched": 4.12472}, {"beam_area": 462272}, {"time": 13.0126}], "colors": 5}, {"n": 14, "score": 13333, "time": 13.202024227008224, "data_points": [{"n": 14, "type": "size", "colors": 5}, {"pi_depth": 1.9375}, {"num_pis": 8979}, {"num_pi_clusters": 1443}, {"pi_matched": 4.30517}, {"beam_area": 375844}, {"time": 13.0053}], "colors": 5}, {"n": 15, "score": 13361, "time": 13.18904950702563, "data_points": [{"n": 15, "type": "size", "colors": 5}, {"pi_depth": 2}, {"num_pis": 11204}, {"num_pi_clusters": 1715}, {"pi_matched": 4.59042}, {"beam_area": 289847}, {"time": 13.006}], "colors": 5}, {"n": 16, "score": 13427, "time": 13.205768849002197, "data_points": [{"n": 16, "type": "size", "colors": 5}, {"pi_depth": 1.875}, {"num_pis": 11730}, {"num_pi_clusters": 1985}, {"pi_matched": 4.60754}, {"beam_area": 275814}, {"time": 13.0066}], "colors": 5}, {"n": 8, "score": 8542, "time": 13.161123319063336, "data_points": [{"n": 8, "type": "size", "colors": 6}, {"pi_depth": 2.625}, {"num_pis": 7720}, {"num_pi_clusters": 516}, {"pi_matched": 3.34943}, {"beam_area": 639850}, {"time": 13.0093}], "colors": 6}, {"n": 9, "score": 9257, "time": 13.154094793018885, "data_points": [{"n": 9, "type": "size", "colors": 6}, {"pi_depth": 2.125}, {"num_pis": 4586}, {"num_pi_clusters": 612}, {"pi_matched": 3.5611}, {"beam_area": 939510}, {"time": 13.0105}], "colors": 6}, {"n": 10, "score": 9837, "time": 13.20825160795357, "data_points": [{"n": 10, "type": "size", "colors": 6}, {"pi_depth": 2}, {"num_pis": 3944}, {"num_pi_clusters": 615}, {"pi_matched": 3.53017}, {"beam_area": 1052932}, {"time": 13.0107}], "colors": 6}, {"n": 11, "score": 10180, "time": 13.158421791042201, "data_points": [{"n": 11, "type": "size", "colors": 6}, {"pi_depth": 2}, {"num_pis": 5100}, {"num_pi_clusters": 791}, {"pi_matched": 3.57269}, {"beam_area": 905641}, {"time": 13.0046}], "colors": 6}, {"n": 12, "score": 10265, "time": 13.193828769028187, "data_points": [{"n": 12, "type": "size", "colors": 6}, {"pi_depth": 2}, {"num_pis": 6404}, {"num_pi_clusters": 989}, {"pi_matched": 4.31202}, {"beam_area": 659693}, {"time": 13.0068}], "colors": 6}, {"n": 13, "score": 10324, "time": 13.172182978014462, "data_points": [{"n": 13, "type": "size", "colors": 6}, {"pi_depth": 2}, {"num_pis": 7856}, {"num_pi_clusters": 1209}, {"pi_matched": 3.55229}, {"beam_area": 606424}, {"time": 13.0064}], "colors": 6}, {"n": 14, "score": 10401, "time": 13.195908036082983, "data_points": [{"n": 14, "type": "size", "colors": 6}, {"pi_depth": 2}, {"num_pis": 9456}, {"num_pi_clusters": 1451}, {"pi_matched": 2.96305}, {"beam_area": 550750}, {"time": 13.0065}], "colors": 6}, {"n": 15, "score": 10523, "time": 13.219003611942753, "data_points": [{"n": 15, "type": "size", "colors": 6}, {"pi_depth": 2}, {"num_pis": 11204}, {"num_pi_clusters": 1715}, {"pi_matched": 3.85129}, {"beam_area": 398078}, {"time": 13.0052}], "colors": 6}, {"n": 16, "score": 10547, "time": 13.194575101020746, "data_points": [{"n": 16, "type": "size", "colors": 6}, {"pi_depth": 2}, {"num_pis": 13100}, {"num_pi_clusters": 2001}, {"pi_matched": 4.1202}, {"beam_area": 346950}, {"time": 13.0064}], "colors": 6}, {"n": 8, "score": 15558, "time": 13.200687631964684, "data_points": [{"n": 8, "type": "size", "colors": 4}, {"pi_depth": 2}, {"num_pis": 2076}, {"num_pi_clusters": 329}, {"pi_matched": 6.40374}, {"beam_area": 863807}, {"time": 13.013}], "colors": 4}, {"n": 9, "score": 16429, "time": 13.186987019958906, "data_points": [{"n": 9, "type": "size", "colors": 4}, {"pi_depth": 1.875}, {"num_pis": 2643}, {"num_pi_clusters": 455}, {"pi_matched": 5.83471}, {"beam_area": 706173}, {"time": 13.0089}], "colors": 4}, {"n": 10, "score": 17201, "time": 13.17658069904428, "data_points": [{"n": 10, "type": "size", "colors": 4}, {"pi_depth": 2}, {"num_pis": 3944}, {"num_pi_clusters": 615}, {"pi_matched": 6.39142}, {"beam_area": 488189}, {"time": 13.0136}], "colors": 4}]]