[{
    "argv": [
        "evaluator.py",
        "./a.out"
    ],
    "branch": "master",
    "commit": "a1272497d987e0e1833e2cce25de5665c4f187d8",
    "commit_number": 57,
    "clean": false,
    "diff_stat": " cc/sol.cc   | 46 +++++++++++++++++++++++-----------------------\n optimize.py |  4 ++--\n 2 files changed, 25 insertions(+), 25 deletions(-)\n",
    "num_runs": 72,
    "start_time": 1398107967.8348668,
    "end_time": 1398108165.6727788,
    "error": "multiprocessing.pool.RemoteTraceback: \n\"\"\"\nTraceback (most recent call last):\n  File \"/usr/local/google/home/shcherbina/playground/SquareRemover/runner.py\", line 44, in run_solution\n    assert score is not None, '\\n' + out\nAssertionError: \n# dict(type='size', n=8, colors=6) #\nargs: []\n# dict(pi_depth=2) #\n8 patterns\n64 patterns\n# dict(num_pis=2076) #\n# dict(num_pi_clusters=329) #\n# dict(pi_matched=0.649351) #\n# dict(beam_area=1) #\na.out: cc/sol.cc:563: std::vector<int> SquareRemover::playIt(int, std::vector<std::basic_string<char> >, int): Assertion `beam_steps[NUM_MOVES].size() > 0' failed.\nERROR: Unable to read element 0 (0-based) of your solution's return value.\nScore  = -1\n\n\nThe above exception was the direct cause of the following exception:\n\nTraceback (most recent call last):\n  File \"/usr/local/lib/python3.4/multiprocessing/pool.py\", line 118, in worker\n    result = (True, func(*args, **kwds))\n  File \"evaluator.py\", line 9, in worker\n    return runner.run_solution(*task)\n  File \"/usr/local/google/home/shcherbina/playground/SquareRemover/runner.py\", line 54, in run_solution\n    raise Exception('seed={}, out={}, err={}'.format(seed, out, err)) from e\nException: seed=161, out=# dict(type='size', n=8, colors=6) #\nargs: []\n# dict(pi_depth=2) #\n8 patterns\n64 patterns\n# dict(num_pis=2076) #\n# dict(num_pi_clusters=329) #\n# dict(pi_matched=0.649351) #\n# dict(beam_area=1) #\na.out: cc/sol.cc:563: std::vector<int> SquareRemover::playIt(int, std::vector<std::basic_string<char> >, int): Assertion `beam_steps[NUM_MOVES].size() > 0' failed.\nERROR: Unable to read element 0 (0-based) of your solution's return value.\nScore  = -1\n, err=\n\"\"\"\n\nThe above exception was the direct cause of the following exception:\n\nTraceback (most recent call last):\n  File \"evaluator.py\", line 26, in main\n    for result in map(worker, tasks):\n  File \"/usr/local/lib/python3.4/multiprocessing/pool.py\", line 680, in next\n    raise value\nException: seed=161, out=# dict(type='size', n=8, colors=6) #\nargs: []\n# dict(pi_depth=2) #\n8 patterns\n64 patterns\n# dict(num_pis=2076) #\n# dict(num_pi_clusters=329) #\n# dict(pi_matched=0.649351) #\n# dict(beam_area=1) #\na.out: cc/sol.cc:563: std::vector<int> SquareRemover::playIt(int, std::vector<std::basic_string<char> >, int): Assertion `beam_steps[NUM_MOVES].size() > 0' failed.\nERROR: Unable to read element 0 (0-based) of your solution's return value.\nScore  = -1\n, err=\n"
},
[{"data_points": [{"colors": 4, "n": 8, "type": "size"}, {"pi_depth": 2}, {"num_pis": 2076}, {"num_pi_clusters": 329}, {"pi_matched": 6.34202}, {"beam_area": 871061}, {"time": 13.0073}], "n": 8, "time": 13.21435120201204, "score": 15533, "colors": 4}, {"data_points": [{"colors": 4, "n": 9, "type": "size"}, {"pi_depth": 1.5625}, {"num_pis": 1822}, {"num_pi_clusters": 433}, {"pi_matched": 6.35649}, {"beam_area": 894201}, {"time": 13.0077}], "n": 9, "time": 13.205685302033089, "score": 16473, "colors": 4}, {"data_points": [{"colors": 4, "n": 10, "type": "size"}, {"pi_depth": 1.4375}, {"num_pis": 2099}, {"num_pi_clusters": 555}, {"pi_matched": 6.02213}, {"beam_area": 814003}, {"time": 13.0085}], "n": 10, "time": 13.218104143044911, "score": 17195, "colors": 4}, {"data_points": [{"colors": 4, "n": 11, "type": "size"}, {"pi_depth": 1}, {"num_pis": 796}, {"num_pi_clusters": 306}, {"pi_matched": 6.98093}, {"beam_area": 1592413}, {"time": 13.0074}], "n": 11, "time": 13.205068908981048, "score": 18266, "colors": 4}, {"data_points": [{"colors": 4, "n": 12, "type": "size"}, {"pi_depth": 1}, {"num_pis": 984}, {"num_pi_clusters": 380}, {"pi_matched": 5.65208}, {"beam_area": 1578622}, {"time": 13.0077}], "n": 12, "time": 13.230447517009452, "score": 18738, "colors": 4}, {"data_points": [{"colors": 4, "n": 13, "type": "size"}, {"pi_depth": 1}, {"num_pis": 1192}, {"num_pi_clusters": 462}, {"pi_matched": 5.62815}, {"beam_area": 1350617}, {"time": 13.0096}], "n": 13, "time": 13.183729993994348, "score": 19179, "colors": 4}, {"data_points": [{"colors": 4, "n": 14, "type": "size"}, {"pi_depth": 1}, {"num_pis": 1420}, {"num_pi_clusters": 552}, {"pi_matched": 5.59184}, {"beam_area": 1168586}, {"time": 13.0085}], "n": 14, "time": 13.225930416025221, "score": 19414, "colors": 4}, {"data_points": [{"colors": 4, "n": 15, "type": "size"}, {"pi_depth": 1}, {"num_pis": 1668}, {"num_pi_clusters": 650}, {"pi_matched": 5.42253}, {"beam_area": 1035524}, {"time": 13.0151}], "n": 15, "time": 13.242213177960366, "score": 19546, "colors": 4}, {"data_points": [{"colors": 4, "n": 16, "type": "size"}, {"pi_depth": 1}, {"num_pis": 1936}, {"num_pi_clusters": 756}, {"pi_matched": 4.3863}, {"beam_area": 1029572}, {"time": 13.0152}], "n": 16, "time": 13.207036724081263, "score": 19737, "colors": 4}, {"data_points": [{"colors": 5, "n": 8, "type": "size"}, {"pi_depth": 2}, {"num_pis": 2076}, {"num_pi_clusters": 329}, {"pi_matched": 4.73707}, {"beam_area": 1339553}, {"time": 13.0087}], "n": 8, "time": 13.180868334020488, "score": 11271, "colors": 5}, {"data_points": [{"colors": 5, "n": 9, "type": "size"}, {"pi_depth": 1.9375}, {"num_pis": 2780}, {"num_pi_clusters": 460}, {"pi_matched": 4.98902}, {"beam_area": 961839}, {"time": 13.0047}], "n": 9, "time": 13.180575174978003, "score": 12005, "colors": 5}, {"data_points": [{"colors": 5, "n": 10, "type": "size"}, {"pi_depth": 2}, {"num_pis": 3944}, {"num_pi_clusters": 615}, {"pi_matched": 4.81034}, {"beam_area": 756355}, {"time": 13.0064}], "n": 10, "time": 13.16282005701214, "score": 12544, "colors": 5}, {"data_points": [{"colors": 5, "n": 11, "type": "size"}, {"pi_depth": 1.75}, {"num_pis": 4017}, {"num_pi_clusters": 766}, {"pi_matched": 4.76422}, {"beam_area": 728905}, {"time": 13.0127}], "n": 11, "time": 13.179791558999568, "score": 12857, "colors": 5}, {"data_points": [{"colors": 5, "n": 12, "type": "size"}, {"pi_depth": 1.9375}, {"num_pis": 6080}, {"num_pi_clusters": 984}, {"pi_matched": 5.23144}, {"beam_area": 476884}, {"time": 13.0122}], "n": 12, "time": 13.196649226010777, "score": 13098, "colors": 5}, {"data_points": [{"colors": 5, "n": 13, "type": "size"}, {"pi_depth": 2}, {"num_pis": 7856}, {"num_pi_clusters": 1209}, {"pi_matched": 4.56642}, {"beam_area": 438831}, {"time": 13.011}], "n": 13, "time": 13.190532686072402, "score": 13152, "colors": 5}, {"data_points": [{"colors": 5, "n": 14, "type": "size"}, {"pi_depth": 1.8125}, {"num_pis": 7998}, {"num_pi_clusters": 1431}, {"pi_matched": 4.67372}, {"beam_area": 384868}, {"time": 13.0055}], "n": 14, "time": 13.189050919027068, "score": 13223, "colors": 5}, {"data_points": [{"colors": 5, "n": 15, "type": "size"}, {"pi_depth": 1.1875}, {"num_pis": 3481}, {"num_pi_clusters": 1218}, {"pi_matched": 3.86419}, {"beam_area": 925694}, {"time": 13.0049}], "n": 15, "time": 13.17005982203409, "score": 13463, "colors": 5}, {"data_points": [{"colors": 5, "n": 16, "type": "size"}, {"pi_depth": 1.8125}, {"num_pis": 11041}, {"num_pi_clusters": 1976}, {"pi_matched": 4.68543}, {"beam_area": 294912}, {"time": 13.0107}], "n": 16, "time": 13.178184572956525, "score": 13522, "colors": 5}, {"data_points": [{"colors": 6, "n": 8, "type": "size"}, {"pi_depth": 2}, {"num_pis": 2076}, {"num_pi_clusters": 329}, {"pi_matched": 4.2898}, {"beam_area": 1735991}, {"time": 13.0094}], "n": 8, "time": 13.168310567038134, "score": 8764, "colors": 6}, {"data_points": [{"colors": 6, "n": 9, "type": "size"}, {"pi_depth": 2.125}, {"num_pis": 4586}, {"num_pi_clusters": 612}, {"pi_matched": 3.97929}, {"beam_area": 890118}, {"time": 13.0092}], "n": 9, "time": 13.147952453000471, "score": 9209, "colors": 6}, {"data_points": [{"colors": 6, "n": 10, "type": "size"}, {"pi_depth": 2}, {"num_pis": 3944}, {"num_pi_clusters": 615}, {"pi_matched": 3.1087}, {"beam_area": 1127992}, {"time": 13.0031}], "n": 10, "time": 13.159930881927721, "score": 9785, "colors": 6}, {"data_points": [{"colors": 6, "n": 11, "type": "size"}, {"pi_depth": 1.9375}, {"num_pis": 4844}, {"num_pi_clusters": 788}, {"pi_matched": 3.83975}, {"beam_area": 878455}, {"time": 13.0057}], "n": 11, "time": 13.178907884983346, "score": 10201, "colors": 6}, {"data_points": [{"colors": 6, "n": 12, "type": "size"}, {"pi_depth": 2}, {"num_pis": 6404}, {"num_pi_clusters": 989}, {"pi_matched": 3.76906}, {"beam_area": 702316}, {"time": 13.0089}], "n": 12, "time": 13.198120129993185, "score": 10334, "colors": 6}, {"data_points": [{"colors": 6, "n": 13, "type": "size"}, {"pi_depth": 1.9375}, {"num_pis": 7464}, {"num_pi_clusters": 1199}, {"pi_matched": 3.47294}, {"beam_area": 641898}, {"time": 13.0288}], "n": 13, "time": 13.201035561971366, "score": 10398, "colors": 6}, {"data_points": [{"colors": 6, "n": 14, "type": "size"}, {"pi_depth": 1.9375}, {"num_pis": 8979}, {"num_pi_clusters": 1443}, {"pi_matched": 4.02199}, {"beam_area": 494223}, {"time": 13.0097}], "n": 14, "time": 13.162437778897583, "score": 10426, "colors": 6}, {"data_points": [{"colors": 6, "n": 15, "type": "size"}, {"pi_depth": 1.9375}, {"num_pis": 10633}, {"num_pi_clusters": 1707}, {"pi_matched": 3.79787}, {"beam_area": 431843}, {"time": 13.0053}], "n": 15, "time": 13.19807907298673, "score": 10438, "colors": 6}, {"data_points": [{"colors": 6, "n": 16, "type": "size"}, {"pi_depth": 1.875}, {"num_pis": 11730}, {"num_pi_clusters": 1985}, {"pi_matched": 3.53243}, {"beam_area": 412889}, {"time": 13.0064}], "n": 16, "time": 13.20954134594649, "score": 10433, "colors": 6}, {"data_points": [{"colors": 4, "n": 8, "type": "size"}, {"pi_depth": 2}, {"num_pis": 2076}, {"num_pi_clusters": 329}, {"pi_matched": 6.28184}, {"beam_area": 887178}, {"time": 13.008}], "n": 8, "time": 13.174998205038719, "score": 15620, "colors": 4}, {"data_points": [{"colors": 4, "n": 9, "type": "size"}, {"pi_depth": 1.5625}, {"num_pis": 1822}, {"num_pi_clusters": 433}, {"pi_matched": 6.41879}, {"beam_area": 889795}, {"time": 13.0066}], "n": 9, "time": 13.169220404932275, "score": 16409, "colors": 4}, {"data_points": [{"colors": 4, "n": 10, "type": "size"}, {"pi_depth": 1.4375}, {"num_pis": 2099}, {"num_pi_clusters": 555}, {"pi_matched": 6.16219}, {"beam_area": 830544}, {"time": 13.0148}], "n": 10, "time": 13.175032574916258, "score": 17267, "colors": 4}, {"data_points": [{"colors": 4, "n": 11, "type": "size"}, {"pi_depth": 1}, {"num_pis": 796}, {"num_pi_clusters": 306}, {"pi_matched": 7.01929}, {"beam_area": 1560068}, {"time": 13.0079}], "n": 11, "time": 13.177570029045455, "score": 18172, "colors": 4}, {"data_points": [{"colors": 4, "n": 12, "type": "size"}, {"pi_depth": 1}, {"num_pis": 984}, {"num_pi_clusters": 380}, {"pi_matched": 5.52157}, {"beam_area": 1661460}, {"time": 13.0145}], "n": 12, "time": 13.196633209008723, "score": 18709, "colors": 4}, {"data_points": [{"colors": 4, "n": 13, "type": "size"}, {"pi_depth": 1}, {"num_pis": 1192}, {"num_pi_clusters": 462}, {"pi_matched": 5.39442}, {"beam_area": 1385328}, {"time": 13.0097}], "n": 13, "time": 13.175747942063026, "score": 19032, "colors": 4}, {"data_points": [{"colors": 4, "n": 14, "type": "size"}, {"pi_depth": 1}, {"num_pis": 1420}, {"num_pi_clusters": 552}, {"pi_matched": 5.39605}, {"beam_area": 1110109}, {"time": 13.0095}], "n": 14, "time": 13.186322892084718, "score": 19439, "colors": 4}, {"data_points": [{"colors": 4, "n": 15, "type": "size"}, {"pi_depth": 1}, {"num_pis": 1668}, {"num_pi_clusters": 650}, {"pi_matched": 5.55238}, {"beam_area": 994129}, {"time": 13.0146}], "n": 15, "time": 13.189708495046943, "score": 19667, "colors": 4}, {"data_points": [{"colors": 4, "n": 16, "type": "size"}, {"pi_depth": 1}, {"num_pis": 1936}, {"num_pi_clusters": 756}, {"pi_matched": 4.41551}, {"beam_area": 1076698}, {"time": 13.0083}], "n": 16, "time": 13.182983639999293, "score": 19708, "colors": 4}, {"data_points": [{"colors": 5, "n": 8, "type": "size"}, {"pi_depth": 2}, {"num_pis": 2076}, {"num_pi_clusters": 329}, {"pi_matched": 4.73426}, {"beam_area": 1322959}, {"time": 13.0108}], "n": 8, "time": 13.149964849930257, "score": 11222, "colors": 5}, {"data_points": [{"colors": 5, "n": 9, "type": "size"}, {"pi_depth": 1.9375}, {"num_pis": 2780}, {"num_pi_clusters": 460}, {"pi_matched": 5.06708}, {"beam_area": 1013337}, {"time": 13.0111}], "n": 9, "time": 13.175568195991218, "score": 11991, "colors": 5}, {"data_points": [{"colors": 5, "n": 10, "type": "size"}, {"pi_depth": 2}, {"num_pis": 3944}, {"num_pi_clusters": 615}, {"pi_matched": 4.85837}, {"beam_area": 747144}, {"time": 13.0057}], "n": 10, "time": 13.166642511030659, "score": 12538, "colors": 5}, {"data_points": [{"colors": 5, "n": 11, "type": "size"}, {"pi_depth": 1.75}, {"num_pis": 4017}, {"num_pi_clusters": 766}, {"pi_matched": 4.80452}, {"beam_area": 741653}, {"time": 13.0116}], "n": 11, "time": 13.18006820906885, "score": 12733, "colors": 5}, {"data_points": [{"colors": 5, "n": 12, "type": "size"}, {"pi_depth": 1.9375}, {"num_pis": 6080}, {"num_pi_clusters": 984}, {"pi_matched": 5.1193}, {"beam_area": 507664}, {"time": 13.0069}], "n": 12, "time": 13.204026857973076, "score": 13104, "colors": 5}, {"data_points": [{"colors": 5, "n": 13, "type": "size"}, {"pi_depth": 2}, {"num_pis": 7856}, {"num_pi_clusters": 1209}, {"pi_matched": 4.53256}, {"beam_area": 421554}, {"time": 13.0077}], "n": 13, "time": 13.196786870015785, "score": 13210, "colors": 5}, {"data_points": [{"colors": 5, "n": 14, "type": "size"}, {"pi_depth": 1.8125}, {"num_pis": 7998}, {"num_pi_clusters": 1431}, {"pi_matched": 4.66763}, {"beam_area": 396917}, {"time": 13.0112}], "n": 14, "time": 13.212783469003625, "score": 13299, "colors": 5}, {"data_points": [{"colors": 5, "n": 15, "type": "size"}, {"pi_depth": 1.1875}, {"num_pis": 3481}, {"num_pi_clusters": 1218}, {"pi_matched": 3.77}, {"beam_area": 899209}, {"time": 13.0116}], "n": 15, "time": 13.190959044964984, "score": 13302, "colors": 5}, {"data_points": [{"colors": 5, "n": 16, "type": "size"}, {"pi_depth": 1.8125}, {"num_pis": 11041}, {"num_pi_clusters": 1976}, {"pi_matched": 4.51149}, {"beam_area": 298177}, {"time": 13.0095}], "n": 16, "time": 13.171053252997808, "score": 13401, "colors": 5}, {"data_points": [{"colors": 6, "n": 8, "type": "size"}, {"pi_depth": 2}, {"num_pis": 2076}, {"num_pi_clusters": 329}, {"pi_matched": 4.24027}, {"beam_area": 1782429}, {"time": 13.0049}], "n": 8, "time": 13.158448317088187, "score": 8706, "colors": 6}, {"data_points": [{"colors": 6, "n": 9, "type": "size"}, {"pi_depth": 2.125}, {"num_pis": 4586}, {"num_pi_clusters": 612}, {"pi_matched": 4.08744}, {"beam_area": 886201}, {"time": 13.0043}], "n": 9, "time": 13.167112077004276, "score": 9323, "colors": 6}, {"data_points": [{"colors": 6, "n": 10, "type": "size"}, {"pi_depth": 2}, {"num_pis": 3944}, {"num_pi_clusters": 615}, {"pi_matched": 3.10628}, {"beam_area": 1191905}, {"time": 13.0097}], "n": 10, "time": 13.180964146042243, "score": 9853, "colors": 6}, {"data_points": [{"colors": 6, "n": 11, "type": "size"}, {"pi_depth": 1.9375}, {"num_pis": 4844}, {"num_pi_clusters": 788}, {"pi_matched": 3.81643}, {"beam_area": 905614}, {"time": 13.0062}], "n": 11, "time": 13.159591448958963, "score": 10055, "colors": 6}, {"data_points": [{"colors": 6, "n": 12, "type": "size"}, {"pi_depth": 2}, {"num_pis": 6404}, {"num_pi_clusters": 989}, {"pi_matched": 3.83403}, {"beam_area": 713295}, {"time": 13.0108}], "n": 12, "time": 13.178082927013747, "score": 10273, "colors": 6}, {"data_points": [{"colors": 6, "n": 13, "type": "size"}, {"pi_depth": 1.9375}, {"num_pis": 7464}, {"num_pi_clusters": 1199}, {"pi_matched": 3.39182}, {"beam_area": 675031}, {"time": 13.0094}], "n": 13, "time": 13.199307208065875, "score": 10415, "colors": 6}, {"data_points": [{"colors": 6, "n": 14, "type": "size"}, {"pi_depth": 1.9375}, {"num_pis": 8979}, {"num_pi_clusters": 1443}, {"pi_matched": 4.22428}, {"beam_area": 491745}, {"time": 13.0001}], "n": 14, "time": 13.183918291004375, "score": 10518, "colors": 6}, {"data_points": [{"colors": 6, "n": 15, "type": "size"}, {"pi_depth": 1.9375}, {"num_pis": 10633}, {"num_pi_clusters": 1707}, {"pi_matched": 3.67163}, {"beam_area": 419607}, {"time": 13.0106}], "n": 15, "time": 13.209229502012022, "score": 10428, "colors": 6}, {"data_points": [{"colors": 6, "n": 16, "type": "size"}, {"pi_depth": 1.875}, {"num_pis": 11730}, {"num_pi_clusters": 1985}, {"pi_matched": 4.05755}, {"beam_area": 376138}, {"time": 13.0058}], "n": 16, "time": 13.204024098929949, "score": 10495, "colors": 6}, {"data_points": [{"colors": 4, "n": 8, "type": "size"}, {"pi_depth": 2}, {"num_pis": 2076}, {"num_pi_clusters": 329}, {"pi_matched": 6.24501}, {"beam_area": 854578}, {"time": 13.0082}], "n": 8, "time": 13.167687622015364, "score": 15478, "colors": 4}, {"data_points": [{"colors": 4, "n": 9, "type": "size"}, {"pi_depth": 1.5625}, {"num_pis": 1822}, {"num_pi_clusters": 433}, {"pi_matched": 6.36631}, {"beam_area": 910436}, {"time": 13.0073}], "n": 9, "time": 13.173388615017757, "score": 16566, "colors": 4}, {"data_points": [{"colors": 4, "n": 10, "type": "size"}, {"pi_depth": 1.4375}, {"num_pis": 2099}, {"num_pi_clusters": 555}, {"pi_matched": 6.21641}, {"beam_area": 798996}, {"time": 13.0088}], "n": 10, "time": 13.163722199038602, "score": 17202, "colors": 4}, {"data_points": [{"colors": 4, "n": 11, "type": "size"}, {"pi_depth": 1}, {"num_pis": 796}, {"num_pi_clusters": 306}, {"pi_matched": 6.83609}, {"beam_area": 1604240}, {"time": 13.014}], "n": 11, "time": 13.19722259498667, "score": 18208, "colors": 4}, {"data_points": [{"colors": 4, "n": 12, "type": "size"}, {"pi_depth": 1}, {"num_pis": 984}, {"num_pi_clusters": 380}, {"pi_matched": 5.73039}, {"beam_area": 1611839}, {"time": 13.0141}], "n": 12, "time": 13.180042183957994, "score": 18741, "colors": 4}, {"data_points": [{"colors": 4, "n": 13, "type": "size"}, {"pi_depth": 1}, {"num_pis": 1192}, {"num_pi_clusters": 462}, {"pi_matched": 5.42885}, {"beam_area": 1363282}, {"time": 13.0098}], "n": 13, "time": 13.202770623960532, "score": 19026, "colors": 4}, {"data_points": [{"colors": 4, "n": 14, "type": "size"}, {"pi_depth": 1}, {"num_pis": 1420}, {"num_pi_clusters": 552}, {"pi_matched": 5.56505}, {"beam_area": 1154206}, {"time": 13.0097}], "n": 14, "time": 13.20517597196158, "score": 19360, "colors": 4}, {"data_points": [{"colors": 4, "n": 15, "type": "size"}, {"pi_depth": 1}, {"num_pis": 1668}, {"num_pi_clusters": 650}, {"pi_matched": 5.51499}, {"beam_area": 982990}, {"time": 13.0121}], "n": 15, "time": 13.233124966034666, "score": 19607, "colors": 4}, {"data_points": [{"colors": 4, "n": 16, "type": "size"}, {"pi_depth": 1}, {"num_pis": 1936}, {"num_pi_clusters": 756}, {"pi_matched": 4.75962}, {"beam_area": 1027845}, {"time": 13.0088}], "n": 16, "time": 13.192053591948934, "score": 19758, "colors": 4}, {"data_points": [{"colors": 5, "n": 8, "type": "size"}, {"pi_depth": 2}, {"num_pis": 2076}, {"num_pi_clusters": 329}, {"pi_matched": 4.79181}, {"beam_area": 1328502}, {"time": 13.0066}], "n": 8, "time": 13.145954502047971, "score": 11288, "colors": 5}, {"data_points": [{"colors": 5, "n": 9, "type": "size"}, {"pi_depth": 1.9375}, {"num_pis": 2780}, {"num_pi_clusters": 460}, {"pi_matched": 4.96052}, {"beam_area": 963029}, {"time": 13.0114}], "n": 9, "time": 13.179625616990961, "score": 11996, "colors": 5}, {"data_points": [{"colors": 5, "n": 10, "type": "size"}, {"pi_depth": 2}, {"num_pis": 3944}, {"num_pi_clusters": 615}, {"pi_matched": 4.7742}, {"beam_area": 719063}, {"time": 13.0071}], "n": 10, "time": 13.179875503992662, "score": 12391, "colors": 5}, {"data_points": [{"colors": 5, "n": 11, "type": "size"}, {"pi_depth": 1.75}, {"num_pis": 4017}, {"num_pi_clusters": 766}, {"pi_matched": 4.86605}, {"beam_area": 712435}, {"time": 13.0065}], "n": 11, "time": 13.167237736051902, "score": 12787, "colors": 5}, {"data_points": [{"colors": 5, "n": 12, "type": "size"}, {"pi_depth": 1.9375}, {"num_pis": 6080}, {"num_pi_clusters": 984}, {"pi_matched": 5.22434}, {"beam_area": 485084}, {"time": 13.0108}], "n": 12, "time": 13.17519994196482, "score": 13055, "colors": 5}, {"data_points": [{"colors": 5, "n": 13, "type": "size"}, {"pi_depth": 2}, {"num_pis": 7856}, {"num_pi_clusters": 1209}, {"pi_matched": 4.50388}, {"beam_area": 412335}, {"time": 13.0114}], "n": 13, "time": 13.176610202994198, "score": 13189, "colors": 5}, {"data_points": [{"colors": 5, "n": 14, "type": "size"}, {"pi_depth": 1.8125}, {"num_pis": 7998}, {"num_pi_clusters": 1431}, {"pi_matched": 4.66074}, {"beam_area": 371469}, {"time": 13.0115}], "n": 14, "time": 13.198336771107279, "score": 13257, "colors": 5}, {"data_points": [{"colors": 5, "n": 15, "type": "size"}, {"pi_depth": 1.1875}, {"num_pis": 3481}, {"num_pi_clusters": 1218}, {"pi_matched": 4.06516}, {"beam_area": 838235}, {"time": 13.0077}], "n": 15, "time": 13.219441853929311, "score": 13303, "colors": 5}, {"data_points": [{"colors": 5, "n": 16, "type": "size"}, {"pi_depth": 1.8125}, {"num_pis": 11041}, {"num_pi_clusters": 1976}, {"pi_matched": 4.60218}, {"beam_area": 283908}, {"time": 13.0122}], "n": 16, "time": 13.246668911073357, "score": 13472, "colors": 5}]]